<?xml version="1.0" encoding="UTF-8"?>
<testsuite xmlns:xsi="http://www.w3.org/2001/XMLSchema-instance" xsi:noNamespaceSchemaLocation="https://maven.apache.org/surefire/maven-surefire-plugin/xsd/surefire-test-report.xsd" name="TestDeposite" time="0.048" tests="7" errors="0" skipped="0" failures="0">
  <properties>
[...]
</properties>
  <testcase name="getAllDeposite_SHORT_TERM_DEPOSITE" classname="TestDeposite" time="0.003"/>
  <testcase name="getHowManyDeposite_SHORT_TERM_DEPOSITE" classname="TestDeposite" time="0"/>
  <testcase name="getAllPercent_SHORT_TERM_DEPOSITE" classname="TestDeposite" time="0.001"/>
  <testcase name="getAllPercent" classname="TestDeposite" time="0"/>
  <testcase name="getAllDeposite" classname="TestDeposite" time="0"/>
  <testcase name="getHowManyDeposite" classname="TestDeposite" time="0"/>
  <testcase name="getAllUsers_NO_NULL" classname="TestDeposite" time="0.001"/>
</testsuite>